{"total": {"lines":{"total":192,"covered":162,"skipped":0,"pct":84.37},"statements":{"total":192,"covered":162,"skipped":0,"pct":84.37},"functions":{"total":14,"covered":12,"skipped":0,"pct":85.71},"branches":{"total":69,"covered":65,"skipped":0,"pct":94.2},"branchesTrue":{"total":0,"covered":0,"skipped":0,"pct":100}}
,"C:\\Users\\Latitude 5500\\Documents\\GitHub\\Pulpedistica\\middleware.ts": {"lines":{"total":27,"covered":27,"skipped":0,"pct":100},"functions":{"total":2,"covered":2,"skipped":0,"pct":100},"statements":{"total":27,"covered":27,"skipped":0,"pct":100},"branches":{"total":15,"covered":15,"skipped":0,"pct":100}}
,"C:\\Users\\Latitude 5500\\Documents\\GitHub\\Pulpedistica\\api\\health.ts": {"lines":{"total":16,"covered":16,"skipped":0,"pct":100},"functions":{"total":1,"covered":1,"skipped":0,"pct":100},"statements":{"total":16,"covered":16,"skipped":0,"pct":100},"branches":{"total":5,"covered":5,"skipped":0,"pct":100}}
,"C:\\Users\\Latitude 5500\\Documents\\GitHub\\Pulpedistica\\src\\lib\\cache.ts": {"lines":{"total":38,"covered":38,"skipped":0,"pct":100},"functions":{"total":3,"covered":3,"skipped":0,"pct":100},"statements":{"total":38,"covered":38,"skipped":0,"pct":100},"branches":{"total":13,"covered":13,"skipped":0,"pct":100}}
,"C:\\Users\\Latitude 5500\\Documents\\GitHub\\Pulpedistica\\src\\lib\\canal.ts": {"lines":{"total":11,"covered":0,"skipped":0,"pct":0},"functions":{"total":1,"covered":0,"skipped":0,"pct":0},"statements":{"total":11,"covered":0,"skipped":0,"pct":0},"branches":{"total":1,"covered":0,"skipped":0,"pct":0}}
,"C:\\Users\\Latitude 5500\\Documents\\GitHub\\Pulpedistica\\src\\lib\\idempotencia.ts": {"lines":{"total":25,"covered":25,"skipped":0,"pct":100},"functions":{"total":2,"covered":2,"skipped":0,"pct":100},"statements":{"total":25,"covered":25,"skipped":0,"pct":100},"branches":{"total":7,"covered":7,"skipped":0,"pct":100}}
,"C:\\Users\\Latitude 5500\\Documents\\GitHub\\Pulpedistica\\src\\lib\\migrarPrecios.ts": {"lines":{"total":37,"covered":35,"skipped":0,"pct":94.59},"functions":{"total":1,"covered":1,"skipped":0,"pct":100},"statements":{"total":37,"covered":35,"skipped":0,"pct":94.59},"branches":{"total":17,"covered":15,"skipped":0,"pct":88.23}}
,"C:\\Users\\Latitude 5500\\Documents\\GitHub\\Pulpedistica\\src\\lib\\registrarSW.ts": {"lines":{"total":17,"covered":0,"skipped":0,"pct":0},"functions":{"total":1,"covered":0,"skipped":0,"pct":0},"statements":{"total":17,"covered":0,"skipped":0,"pct":0},"branches":{"total":1,"covered":0,"skipped":0,"pct":0}}
,"C:\\Users\\Latitude 5500\\Documents\\GitHub\\Pulpedistica\\src\\lib\\semaforo.ts": {"lines":{"total":21,"covered":21,"skipped":0,"pct":100},"functions":{"total":3,"covered":3,"skipped":0,"pct":100},"statements":{"total":21,"covered":21,"skipped":0,"pct":100},"branches":{"total":10,"covered":10,"skipped":0,"pct":100}}
}
