{"total": {"lines":{"total":419,"covered":393,"skipped":0,"pct":93.79},"statements":{"total":419,"covered":393,"skipped":0,"pct":93.79},"functions":{"total":37,"covered":35,"skipped":0,"pct":94.59},"branches":{"total":160,"covered":146,"skipped":0,"pct":91.25},"branchesTrue":{"total":0,"covered":0,"skipped":0,"pct":100}}
,"C:\\Users\\Latitude 5500\\Documents\\GitHub\\Pulpedistica\\middleware.ts": {"lines":{"total":27,"covered":27,"skipped":0,"pct":100},"functions":{"total":2,"covered":2,"skipped":0,"pct":100},"statements":{"total":27,"covered":27,"skipped":0,"pct":100},"branches":{"total":15,"covered":15,"skipped":0,"pct":100}}
,"C:\\Users\\Latitude 5500\\Documents\\GitHub\\Pulpedistica\\api\\health.ts": {"lines":{"total":16,"covered":16,"skipped":0,"pct":100},"functions":{"total":1,"covered":1,"skipped":0,"pct":100},"statements":{"total":16,"covered":16,"skipped":0,"pct":100},"branches":{"total":5,"covered":5,"skipped":0,"pct":100}}
,"C:\\Users\\Latitude 5500\\Documents\\GitHub\\Pulpedistica\\src\\lib\\cache.ts": {"lines":{"total":38,"covered":38,"skipped":0,"pct":100},"functions":{"total":3,"covered":3,"skipped":0,"pct":100},"statements":{"total":38,"covered":38,"skipped":0,"pct":100},"branches":{"total":13,"covered":13,"skipped":0,"pct":100}}
,"C:\\Users\\Latitude 5500\\Documents\\GitHub\\Pulpedistica\\src\\lib\\canal.ts": {"lines":{"total":3,"covered":3,"skipped":0,"pct":100},"functions":{"total":1,"covered":1,"skipped":0,"pct":100},"statements":{"total":3,"covered":3,"skipped":0,"pct":100},"branches":{"total":1,"covered":1,"skipped":0,"pct":100}}
,"C:\\Users\\Latitude 5500\\Documents\\GitHub\\Pulpedistica\\src\\lib\\errores.ts": {"lines":{"total":93,"covered":93,"skipped":0,"pct":100},"functions":{"total":9,"covered":9,"skipped":0,"pct":100},"statements":{"total":93,"covered":93,"skipped":0,"pct":100},"branches":{"total":37,"covered":36,"skipped":0,"pct":97.29}}
,"C:\\Users\\Latitude 5500\\Documents\\GitHub\\Pulpedistica\\src\\lib\\feedback.ts": {"lines":{"total":14,"covered":14,"skipped":0,"pct":100},"functions":{"total":3,"covered":3,"skipped":0,"pct":100},"statements":{"total":14,"covered":14,"skipped":0,"pct":100},"branches":{"total":10,"covered":9,"skipped":0,"pct":90}}
,"C:\\Users\\Latitude 5500\\Documents\\GitHub\\Pulpedistica\\src\\lib\\idempotencia.ts": {"lines":{"total":25,"covered":25,"skipped":0,"pct":100},"functions":{"total":2,"covered":2,"skipped":0,"pct":100},"statements":{"total":25,"covered":25,"skipped":0,"pct":100},"branches":{"total":7,"covered":7,"skipped":0,"pct":100}}
,"C:\\Users\\Latitude 5500\\Documents\\GitHub\\Pulpedistica\\src\\lib\\migrarPrecios.ts": {"lines":{"total":37,"covered":35,"skipped":0,"pct":94.59},"functions":{"total":1,"covered":1,"skipped":0,"pct":100},"statements":{"total":37,"covered":35,"skipped":0,"pct":94.59},"branches":{"total":17,"covered":15,"skipped":0,"pct":88.23}}
,"C:\\Users\\Latitude 5500\\Documents\\GitHub\\Pulpedistica\\src\\lib\\registrarSW.ts": {"lines":{"total":17,"covered":0,"skipped":0,"pct":0},"functions":{"total":1,"covered":0,"skipped":0,"pct":0},"statements":{"total":17,"covered":0,"skipped":0,"pct":0},"branches":{"total":1,"covered":0,"skipped":0,"pct":0}}
,"C:\\Users\\Latitude 5500\\Documents\\GitHub\\Pulpedistica\\src\\lib\\semaforo.ts": {"lines":{"total":21,"covered":21,"skipped":0,"pct":100},"functions":{"total":3,"covered":3,"skipped":0,"pct":100},"statements":{"total":21,"covered":21,"skipped":0,"pct":100},"branches":{"total":10,"covered":10,"skipped":0,"pct":100}}
,"C:\\Users\\Latitude 5500\\Documents\\GitHub\\Pulpedistica\\src\\lib\\tickets.ts": {"lines":{"total":128,"covered":121,"skipped":0,"pct":94.53},"functions":{"total":11,"covered":10,"skipped":0,"pct":90.9},"statements":{"total":128,"covered":121,"skipped":0,"pct":94.53},"branches":{"total":44,"covered":35,"skipped":0,"pct":79.54}}
}
