TN:
SF:middleware.ts
FN:34,hasSession
FN:45,middleware
FNF:2
FNH:2
FNDA:5,hasSession
FNDA:14,middleware
DA:1,1
DA:3,1
DA:5,1
DA:7,1
DA:34,5
DA:39,5
DA:40,5
DA:41,5
DA:42,5
DA:43,5
DA:45,14
DA:46,14
DA:47,14
DA:50,14
DA:51,4
DA:52,4
DA:55,14
DA:56,3
DA:57,3
DA:58,3
DA:59,3
DA:61,14
DA:63,2
DA:64,2
DA:65,2
DA:66,2
DA:67,2
LF:27
LH:27
BRDA:34,0,0,5
BRDA:39,1,0,2
BRDA:42,2,0,6
BRDA:45,3,0,14
BRDA:47,4,0,13
BRDA:47,5,0,1
BRDA:50,6,0,13
BRDA:50,7,0,13
BRDA:50,8,0,4
BRDA:52,9,0,10
BRDA:55,10,0,5
BRDA:55,11,0,3
BRDA:59,12,0,7
BRDA:61,13,0,5
BRDA:61,14,0,2
BRF:15
BRH:15
end_of_record
TN:
SF:api\health.ts
FN:17,handler
FNF:1
FNH:1
FNDA:9,handler
DA:17,9
DA:18,9
DA:20,9
DA:21,4
DA:22,4
DA:23,4
DA:24,4
DA:25,4
DA:26,4
DA:27,4
DA:29,5
DA:30,5
DA:31,5
DA:32,5
DA:33,5
DA:34,5
LF:16
LH:16
BRDA:17,0,0,9
BRDA:18,1,0,1
BRDA:20,2,0,5
BRDA:20,3,0,4
BRDA:27,4,0,5
BRF:5
BRH:5
end_of_record
TN:
SF:src\lib\cache.ts
FN:40,consultaCacheada
FN:74,invalidar
FN:83,limpiarCache
FNF:3
FNH:3
FNDA:24,consultaCacheada
FNDA:3,invalidar
FNDA:12,limpiarCache
DA:23,1
DA:24,1
DA:27,1
DA:29,1
DA:31,1
DA:33,1
DA:34,1
DA:40,24
DA:41,24
DA:42,24
DA:43,24
DA:44,24
DA:45,24
DA:46,24
DA:47,3
DA:48,3
DA:52,21
DA:53,24
DA:55,20
DA:56,20
DA:58,19
DA:59,19
DA:60,20
DA:61,20
DA:62,20
DA:63,20
DA:65,20
DA:66,20
DA:67,20
DA:74,1
DA:77,3
DA:78,5
DA:79,5
DA:80,3
DA:83,1
DA:84,12
DA:85,12
DA:86,12
LF:38
LH:38
BRDA:40,0,0,24
BRDA:46,1,0,4
BRDA:46,2,0,3
BRDA:48,3,0,21
BRDA:53,4,0,1
BRDA:53,5,0,20
BRDA:56,6,0,19
BRDA:61,7,0,20
BRDA:74,8,0,3
BRDA:77,9,0,5
BRDA:78,10,0,4
BRDA:78,11,0,6
BRDA:83,12,0,12
BRF:13
BRH:13
end_of_record
TN:
SF:src\lib\canal.ts
FN:9,nombreDeCanal
FNF:1
FNH:1
FNDA:3,nombreDeCanal
DA:9,1
DA:10,3
DA:11,3
LF:3
LH:3
BRDA:9,0,0,3
BRF:1
BRH:1
end_of_record
TN:
SF:src\lib\idempotencia.ts
FN:7,nuevaClave
FN:19,insertarIdempotente
FNF:2
FNH:2
FNDA:3,nuevaClave
FNDA:5,insertarIdempotente
DA:1,1
DA:4,1
DA:7,1
DA:8,3
DA:9,3
DA:19,5
DA:20,5
DA:21,5
DA:22,5
DA:23,5
DA:24,5
DA:25,5
DA:26,5
DA:27,5
DA:28,5
DA:30,5
DA:31,5
DA:33,2
DA:34,2
DA:35,2
DA:36,2
DA:37,2
DA:39,5
DA:40,1
DA:41,1
LF:25
LH:25
BRDA:7,0,0,3
BRDA:19,1,0,5
BRDA:30,2,0,2
BRDA:30,3,0,3
BRDA:31,4,0,1
BRDA:31,5,0,2
BRDA:39,6,0,1
BRF:7
BRH:7
end_of_record
TN:
SF:src\lib\migrarPrecios.ts
FN:18,migrarPreciosLocales
FNF:1
FNH:1
FNDA:8,migrarPreciosLocales
DA:1,1
DA:3,1
DA:4,1
DA:18,8
DA:19,8
DA:20,8
DA:22,7
DA:23,7
DA:24,8
DA:25,8
DA:27,1
DA:29,7
DA:30,8
DA:31,3
DA:32,3
DA:33,3
DA:35,4
DA:36,4
DA:37,4
DA:38,4
DA:41,4
DA:43,8
DA:45,8
DA:46,3
DA:47,3
DA:48,3
DA:49,3
DA:50,3
DA:51,3
DA:53,2
DA:54,2
DA:55,2
DA:56,2
DA:57,8
DA:58,0
DA:59,0
DA:60,8
LF:37
LH:35
BRDA:18,0,0,8
BRDA:20,1,0,1
BRDA:20,2,0,7
BRDA:24,3,0,1
BRDA:25,4,0,1
BRDA:27,5,0,7
BRDA:30,6,0,3
BRDA:33,7,0,4
BRDA:41,8,0,1
BRDA:41,9,0,3
BRDA:43,10,0,0
BRDA:45,11,0,3
BRDA:50,12,0,1
BRDA:51,13,0,2
BRDA:57,14,0,0
BRDA:29,15,0,7
BRDA:43,16,0,4
BRF:17
BRH:15
end_of_record
TN:
SF:src\lib\registrarSW.ts
FN:1,(empty-report)
FNF:1
FNH:0
FNDA:0,(empty-report)
DA:1,0
DA:2,0
DA:3,0
DA:4,0
DA:5,0
DA:6,0
DA:7,0
DA:8,0
DA:9,0
DA:10,0
DA:11,0
DA:12,0
DA:13,0
DA:14,0
DA:15,0
DA:16,0
DA:17,0
LF:17
LH:0
BRDA:1,0,0,0
BRF:1
BRH:0
end_of_record
TN:
SF:src\lib\semaforo.ts
FN:37,calcularNivel
FN:45,sinMovimiento
FN:50,etiquetaUmbral
FNF:3
FNH:3
FNDA:29,calcularNivel
FNDA:2,sinMovimiento
FNDA:3,etiquetaUmbral
DA:22,1
DA:23,1
DA:24,1
DA:25,1
DA:26,1
DA:29,1
DA:37,1
DA:38,29
DA:39,29
DA:40,29
DA:41,9
DA:42,9
DA:45,1
DA:46,2
DA:47,2
DA:50,1
DA:51,3
DA:52,3
DA:53,3
DA:54,1
DA:55,1
LF:21
LH:21
BRDA:37,0,0,29
BRDA:39,1,0,7
BRDA:39,2,0,22
BRDA:40,3,0,13
BRDA:40,4,0,9
BRDA:45,5,0,2
BRDA:50,6,0,3
BRDA:52,7,0,1
BRDA:52,8,0,2
BRDA:53,9,0,1
BRF:10
BRH:10
end_of_record
