TN:
SF:middleware.ts
FN:34,hasSession
FN:45,middleware
FNF:2
FNH:2
FNDA:5,hasSession
FNDA:14,middleware
DA:1,1
DA:3,1
DA:5,1
DA:7,1
DA:34,5
DA:39,5
DA:40,5
DA:41,5
DA:42,5
DA:43,5
DA:45,14
DA:46,14
DA:47,14
DA:50,14
DA:51,4
DA:52,4
DA:55,14
DA:56,3
DA:57,3
DA:58,3
DA:59,3
DA:61,14
DA:63,2
DA:64,2
DA:65,2
DA:66,2
DA:67,2
LF:27
LH:27
BRDA:34,0,0,5
BRDA:39,1,0,2
BRDA:42,2,0,6
BRDA:45,3,0,14
BRDA:47,4,0,13
BRDA:47,5,0,1
BRDA:50,6,0,13
BRDA:50,7,0,13
BRDA:50,8,0,4
BRDA:52,9,0,10
BRDA:55,10,0,5
BRDA:55,11,0,3
BRDA:59,12,0,7
BRDA:61,13,0,5
BRDA:61,14,0,2
BRF:15
BRH:15
end_of_record
TN:
SF:api\health.ts
FN:17,handler
FNF:1
FNH:1
FNDA:9,handler
DA:17,9
DA:18,9
DA:20,9
DA:21,4
DA:22,4
DA:23,4
DA:24,4
DA:25,4
DA:26,4
DA:27,4
DA:29,5
DA:30,5
DA:31,5
DA:32,5
DA:33,5
DA:34,5
LF:16
LH:16
BRDA:17,0,0,9
BRDA:18,1,0,1
BRDA:20,2,0,5
BRDA:20,3,0,4
BRDA:27,4,0,5
BRF:5
BRH:5
end_of_record
TN:
SF:src\lib\cache.ts
FN:40,consultaCacheada
FN:74,invalidar
FN:83,limpiarCache
FNF:3
FNH:3
FNDA:24,consultaCacheada
FNDA:3,invalidar
FNDA:12,limpiarCache
DA:23,1
DA:24,1
DA:27,1
DA:29,1
DA:31,1
DA:33,1
DA:34,1
DA:40,24
DA:41,24
DA:42,24
DA:43,24
DA:44,24
DA:45,24
DA:46,24
DA:47,3
DA:48,3
DA:52,21
DA:53,24
DA:55,20
DA:56,20
DA:58,19
DA:59,19
DA:60,20
DA:61,20
DA:62,20
DA:63,20
DA:65,20
DA:66,20
DA:67,20
DA:74,1
DA:77,3
DA:78,5
DA:79,5
DA:80,3
DA:83,1
DA:84,12
DA:85,12
DA:86,12
LF:38
LH:38
BRDA:40,0,0,24
BRDA:46,1,0,4
BRDA:46,2,0,3
BRDA:48,3,0,21
BRDA:53,4,0,1
BRDA:53,5,0,20
BRDA:56,6,0,19
BRDA:61,7,0,20
BRDA:74,8,0,3
BRDA:77,9,0,5
BRDA:78,10,0,4
BRDA:78,11,0,6
BRDA:83,12,0,12
BRF:13
BRH:13
end_of_record
TN:
SF:src\lib\canal.ts
FN:9,nombreDeCanal
FNF:1
FNH:1
FNDA:3,nombreDeCanal
DA:9,1
DA:10,3
DA:11,3
LF:3
LH:3
BRDA:9,0,0,3
BRF:1
BRH:1
end_of_record
TN:
SF:src\lib\errores.ts
FN:49,limpiarSecretos
FN:72,normalizarMensaje
FN:90,fnv1a
FN:108,huellaDeError
FN:118,codigoLegible
FN:151,esRuido
FN:159,describir
FN:179,recortar
FN:187,prepararTicket
FNF:9
FNH:9
FNDA:579,limpiarSecretos
FNDA:207,normalizarMensaje
FNDA:400,fnv1a
FNDA:200,huellaDeError
FNDA:45,codigoLegible
FNDA:196,esRuido
FNDA:198,describir
FNDA:368,recortar
FNDA:190,prepararTicket
DA:22,1
DA:24,1
DA:37,1
DA:39,1
DA:41,1
DA:42,1
DA:43,1
DA:45,1
DA:46,1
DA:49,1
DA:50,579
DA:51,579
DA:55,1
DA:56,1
DA:57,1
DA:58,1
DA:72,1
DA:73,207
DA:74,207
DA:75,207
DA:76,207
DA:77,207
DA:78,207
DA:79,207
DA:80,207
DA:90,400
DA:91,400
DA:92,400
DA:93,13246
DA:94,13246
DA:95,13246
DA:96,400
DA:97,400
DA:108,1
DA:109,200
DA:110,200
DA:111,200
DA:118,1
DA:119,45
DA:120,45
DA:132,1
DA:134,1
DA:136,1
DA:137,1
DA:138,1
DA:140,1
DA:141,1
DA:143,1
DA:144,1
DA:145,1
DA:147,1
DA:148,1
DA:149,1
DA:151,1
DA:152,196
DA:153,196
DA:154,196
DA:159,1
DA:160,198
DA:161,198
DA:162,198
DA:165,2
DA:166,2
DA:167,2
DA:168,2
DA:169,1
DA:170,1
DA:171,1
DA:173,1
DA:174,1
DA:175,2
DA:176,4
DA:177,4
DA:179,368
DA:180,368
DA:181,368
DA:187,1
DA:188,190
DA:189,190
DA:190,190
DA:191,190
DA:192,190
DA:193,190
DA:195,190
DA:197,190
DA:198,190
DA:200,190
DA:201,190
DA:202,190
DA:203,190
DA:204,190
DA:205,190
DA:206,190
LF:93
LH:93
BRDA:49,0,0,579
BRDA:50,1,0,2895
BRDA:72,2,0,207
BRDA:90,3,0,400
BRDA:92,4,0,13246
BRDA:108,5,0,200
BRDA:118,6,0,45
BRDA:151,7,0,196
BRDA:153,8,0,2112
BRDA:159,9,0,198
BRDA:160,10,0,8
BRDA:160,11,0,190
BRDA:161,12,0,184
BRDA:161,13,0,0
BRDA:161,14,0,6
BRDA:162,15,0,3
BRDA:162,16,0,2
BRDA:166,17,0,1
BRDA:166,18,0,1
BRDA:168,19,0,1
BRDA:175,20,0,4
BRDA:167,21,0,6
BRDA:167,22,0,2
BRDA:179,23,0,368
BRDA:180,24,0,367
BRDA:180,25,0,1
BRDA:187,26,0,190
BRDA:193,27,0,189
BRDA:193,28,0,3
BRDA:193,29,0,187
BRDA:195,30,0,1
BRDA:195,31,0,186
BRDA:197,32,0,181
BRDA:197,33,0,181
BRDA:197,34,0,6
BRDA:198,35,0,181
BRDA:198,36,0,6
BRF:37
BRH:36
end_of_record
TN:
SF:src\lib\feedback.ts
FN:13,mensajeValido
FN:19,promedioCalificacion
FN:26,sinAtender
FNF:3
FNH:3
FNDA:5,mensajeValido
FNDA:3,promedioCalificacion
FNDA:2,sinAtender
DA:4,1
DA:5,1
DA:13,1
DA:14,5
DA:15,5
DA:16,5
DA:19,1
DA:20,3
DA:21,3
DA:22,2
DA:23,2
DA:26,1
DA:27,2
DA:28,2
LF:14
LH:14
BRDA:13,0,0,5
BRDA:15,1,0,3
BRDA:19,2,0,3
BRDA:21,3,0,1
BRDA:21,4,0,2
BRDA:20,5,0,6
BRDA:22,6,0,3
BRDA:22,7,0,0
BRDA:26,8,0,2
BRDA:27,9,0,3
BRF:10
BRH:9
end_of_record
TN:
SF:src\lib\idempotencia.ts
FN:7,nuevaClave
FN:19,insertarIdempotente
FNF:2
FNH:2
FNDA:3,nuevaClave
FNDA:5,insertarIdempotente
DA:1,1
DA:4,1
DA:7,1
DA:8,3
DA:9,3
DA:19,5
DA:20,5
DA:21,5
DA:22,5
DA:23,5
DA:24,5
DA:25,5
DA:26,5
DA:27,5
DA:28,5
DA:30,5
DA:31,5
DA:33,2
DA:34,2
DA:35,2
DA:36,2
DA:37,2
DA:39,5
DA:40,1
DA:41,1
LF:25
LH:25
BRDA:7,0,0,3
BRDA:19,1,0,5
BRDA:30,2,0,2
BRDA:30,3,0,3
BRDA:31,4,0,1
BRDA:31,5,0,2
BRDA:39,6,0,1
BRF:7
BRH:7
end_of_record
TN:
SF:src\lib\migrarPrecios.ts
FN:18,migrarPreciosLocales
FNF:1
FNH:1
FNDA:8,migrarPreciosLocales
DA:1,1
DA:3,1
DA:4,1
DA:18,8
DA:19,8
DA:20,8
DA:22,7
DA:23,7
DA:24,8
DA:25,8
DA:27,1
DA:29,7
DA:30,8
DA:31,3
DA:32,3
DA:33,3
DA:35,4
DA:36,4
DA:37,4
DA:38,4
DA:41,4
DA:43,8
DA:45,8
DA:46,3
DA:47,3
DA:48,3
DA:49,3
DA:50,3
DA:51,3
DA:53,2
DA:54,2
DA:55,2
DA:56,2
DA:57,8
DA:58,0
DA:59,0
DA:60,8
LF:37
LH:35
BRDA:18,0,0,8
BRDA:20,1,0,1
BRDA:20,2,0,7
BRDA:24,3,0,1
BRDA:25,4,0,1
BRDA:27,5,0,7
BRDA:30,6,0,3
BRDA:33,7,0,4
BRDA:41,8,0,1
BRDA:41,9,0,3
BRDA:43,10,0,0
BRDA:45,11,0,3
BRDA:50,12,0,1
BRDA:51,13,0,2
BRDA:57,14,0,0
BRDA:29,15,0,7
BRDA:43,16,0,4
BRF:17
BRH:15
end_of_record
TN:
SF:src\lib\registrarSW.ts
FN:1,(empty-report)
FNF:1
FNH:0
FNDA:0,(empty-report)
DA:1,0
DA:2,0
DA:3,0
DA:4,0
DA:5,0
DA:6,0
DA:7,0
DA:8,0
DA:9,0
DA:10,0
DA:11,0
DA:12,0
DA:13,0
DA:14,0
DA:15,0
DA:16,0
DA:17,0
LF:17
LH:0
BRDA:1,0,0,0
BRF:1
BRH:0
end_of_record
TN:
SF:src\lib\semaforo.ts
FN:37,calcularNivel
FN:45,sinMovimiento
FN:50,etiquetaUmbral
FNF:3
FNH:3
FNDA:29,calcularNivel
FNDA:2,sinMovimiento
FNDA:3,etiquetaUmbral
DA:22,1
DA:23,1
DA:24,1
DA:25,1
DA:26,1
DA:29,1
DA:37,1
DA:38,29
DA:39,29
DA:40,29
DA:41,9
DA:42,9
DA:45,1
DA:46,2
DA:47,2
DA:50,1
DA:51,3
DA:52,3
DA:53,3
DA:54,1
DA:55,1
LF:21
LH:21
BRDA:37,0,0,29
BRDA:39,1,0,7
BRDA:39,2,0,22
BRDA:40,3,0,13
BRDA:40,4,0,9
BRDA:45,5,0,2
BRDA:50,6,0,3
BRDA:52,7,0,1
BRDA:52,8,0,2
BRDA:53,9,0,1
BRF:10
BRH:10
end_of_record
TN:
SF:src\lib\tickets.ts
FN:63,fijarPantallaActual
FN:70,ultimoCodigoDeError
FN:87,leerCola
FN:98,guardarCola
FN:106,encolar
FN:115,vaciarCola
FN:130,enviar
FN:174,dentroDelTope
FN:192,reportarError
FN:236,instalarCapturaDeErrores
FN:274,console.error
FNF:11
FNH:10
FNDA:1,fijarPantallaActual
FNDA:0,ultimoCodigoDeError
FNDA:14,leerCola
FNDA:8,guardarCola
FNDA:6,encolar
FNDA:8,vaciarCola
FNDA:42,enviar
FNDA:182,dentroDelTope
FNDA:188,reportarError
FNDA:7,instalarCapturaDeErrores
FNDA:4,console.error
DA:1,1
DA:23,1
DA:25,1
DA:27,1
DA:29,1
DA:39,1
DA:51,1
DA:54,1
DA:61,1
DA:63,1
DA:64,1
DA:65,1
DA:68,1
DA:70,1
DA:71,0
DA:72,0
DA:87,14
DA:88,14
DA:89,14
DA:90,14
DA:91,14
DA:92,14
DA:94,0
DA:95,0
DA:96,14
DA:98,8
DA:99,8
DA:100,8
DA:101,8
DA:103,0
DA:104,8
DA:106,6
DA:107,6
DA:110,6
DA:111,6
DA:112,6
DA:115,8
DA:116,8
DA:117,8
DA:122,2
DA:123,2
DA:124,2
DA:125,2
DA:126,2
DA:130,42
DA:131,42
DA:132,42
DA:139,42
DA:141,42
DA:142,42
DA:143,42
DA:144,42
DA:145,42
DA:146,42
DA:147,42
DA:148,42
DA:149,42
DA:152,42
DA:153,42
DA:154,0
DA:155,42
DA:156,42
DA:157,42
DA:158,42
DA:174,182
DA:175,182
DA:176,182
DA:177,182
DA:178,182
DA:180,44
DA:181,44
DA:182,44
DA:192,1
DA:193,188
DA:194,188
DA:195,188
DA:196,188
DA:197,188
DA:199,183
DA:200,183
DA:202,183
DA:203,188
DA:205,44
DA:206,44
DA:207,44
DA:210,44
DA:211,44
DA:212,44
DA:214,44
DA:216,188
DA:217,40
DA:219,44
DA:220,188
DA:222,0
DA:223,188
DA:224,183
DA:225,183
DA:226,188
DA:230,1
DA:236,1
DA:237,7
DA:238,6
DA:241,6
DA:242,6
DA:243,6
DA:244,1
DA:249,1
DA:250,1
DA:251,1
DA:252,1
DA:253,1
DA:254,1
DA:255,1
DA:256,1
DA:257,6
DA:258,6
DA:262,6
DA:263,2
DA:264,6
DA:273,6
DA:274,6
DA:275,4
DA:278,4
DA:279,4
DA:280,4
DA:283,6
DA:284,6
DA:285,6
LF:128
LH:121
BRDA:63,0,0,1
BRDA:87,1,0,14
BRDA:90,2,0,3
BRDA:90,3,0,11
BRDA:91,4,0,0
BRDA:92,5,0,0
BRDA:98,6,0,8
BRDA:101,7,0,0
BRDA:106,8,0,6
BRDA:110,9,0,0
BRDA:115,10,0,8
BRDA:117,11,0,6
BRDA:117,12,0,2
BRDA:130,13,0,42
BRDA:152,14,0,2
BRDA:153,15,0,0
BRDA:174,16,0,182
BRDA:177,17,0,108
BRDA:177,18,0,108
BRDA:177,19,0,74
BRDA:178,20,0,30
BRDA:178,21,0,44
BRDA:192,22,0,188
BRDA:197,23,0,5
BRDA:197,24,0,183
BRDA:203,25,0,182
BRDA:203,26,0,139
BRDA:203,27,0,44
BRDA:216,28,0,4
BRDA:216,29,0,40
BRDA:217,30,0,44
BRDA:220,31,0,0
BRDA:223,32,0,183
BRDA:236,33,0,7
BRDA:237,34,0,1
BRDA:237,35,0,6
BRDA:243,36,0,1
BRDA:251,37,0,0
BRDA:251,38,0,0
BRDA:254,39,0,0
BRDA:262,40,0,2
BRDA:274,41,0,4
BRDA:279,42,0,2
BRDA:278,43,0,5
BRF:44
BRH:35
end_of_record
